<?xml version="1.0" encoding="UTF-8"?>
<testng-results total="0" passed="0" failed="0" skipped="0">
  <reporter-output>
  </reporter-output>
  <suite started-at="2021-03-28T08:35:26Z" name="Surefire suite" finished-at="2021-03-28T08:35:27Z" duration-ms="585">
    <groups>
    </groups>
    <test started-at="2021-03-28T08:35:26Z" name="Surefire test" finished-at="2021-03-28T08:35:27Z" duration-ms="585">
    </test> <!-- Surefire test -->
  </suite> <!-- Surefire suite -->
</testng-results>
